#
# There is insufficient memory for the Java Runtime Environment to continue.
# Native memory allocation (malloc) failed to allocate 1048576 bytes for AllocateHeap
# Possible reasons:
#   The system is out of physical RAM or swap space
#   The process is running with CompressedOops enabled, and the Java Heap may be blocking the growth of the native heap
# Possible solutions:
#   Reduce memory load on the system
#   Increase physical memory or swap space
#   Check if swap backing store is full
#   Decrease Java heap size (-Xmx/-Xms)
#   Decrease number of Java threads
#   Decrease Java thread stack sizes (-Xss)
#   Set larger code cache with -XX:ReservedCodeCacheSize=
#   JVM is running with Unscaled Compressed Oops mode in which the Java heap is
#     placed in the first 4GB address space. The Java Heap base address is the
#     maximum limit for the native heap growth. Please use -XX:HeapBaseMinAddress
#     to set the Java Heap base and to place the Java Heap above 4GB virtual address.
# This output file may be truncated or incomplete.
#
#  Out of Memory Error (memory/allocation.inline.hpp:61), pid=13372, tid=0x00000000000048b0
#
# JRE version:  (8.0_202-b08) (build )
# Java VM: Java HotSpot(TM) 64-Bit Server VM (25.202-b08 mixed mode windows-amd64 compressed oops)
# Failed to write core dump. Minidumps are not enabled by default on client versions of Windows
#

---------------  T H R E A D  ---------------

Current thread (0x0000000002e98800):  JavaThread "Unknown thread" [_thread_in_vm, id=18608, stack(0x0000000002d90000,0x0000000002e90000)]

Stack: [0x0000000002d90000,0x0000000002e90000]
[error occurred during error reporting (printing stack bounds), id 0xc0000005]

Native frames: (J=compiled Java code, j=interpreted, Vv=VM code, C=native code)


---------------  P R O C E S S  ---------------

Java Threads: ( => current thread )

Other Threads:

=>0x0000000002e98800 (exited) JavaThread "Unknown thread" [_thread_in_vm, id=18608, stack(0x0000000002d90000,0x0000000002e90000)]

VM state:not at safepoint (normal execution)

VM Mutex/Monitor currently owned by a thread: None

heap address: 0x0000000081a00000, size: 2022 MB, Compressed Oops mode: 32-bit
Narrow klass base: 0x0000000000000000, Narrow klass shift: 3
Compressed class space size: 1073741824 Address: 0x0000000100000000

Heap:
 PSYoungGen      total 38400K, used 665K [0x00000000d5e00000, 0x00000000d8880000, 0x0000000100000000)
  eden space 33280K, 2% used [0x00000000d5e00000,0x00000000d5ea6670,0x00000000d7e80000)
  from space 5120K, 0% used [0x00000000d8380000,0x00000000d8380000,0x00000000d8880000)
  to   space 5120K, 0% used [0x00000000d7e80000,0x00000000d7e80000,0x00000000d8380000)
 ParOldGen       total 87552K, used 0K [0x0000000081a00000, 0x0000000086f80000, 0x00000000d5e00000)
  object space 87552K, 0% used [0x0000000081a00000,0x0000000081a00000,0x0000000086f80000)
 Metaspace       used 775K, capacity 4480K, committed 4480K, reserved 1056768K
  class space    used 76K, capacity 384K, committed 384K, reserved 1048576K

Card table byte_map: [0x0000000012350000,0x0000000012750000] byte_map_base: 0x0000000011f43000

Marking Bits: (ParMarkBitMap*) 0x0000000075135ce0
 Begin Bits: [0x0000000012e00000, 0x0000000014d98000)
 End Bits:   [0x0000000014d98000, 0x0000000016d30000)

Polling page: 0x0000000000e40000

CodeCache: size=245760Kb used=328Kb max_used=328Kb free=245431Kb
 bounds [0x0000000002f90000, 0x0000000003200000, 0x0000000011f90000]
 total_blobs=58 nmethods=0 adapters=38
 compilation: enabled

Compilation events (0 events):
No events

GC Heap History (0 events):
No events

Deoptimization events (0 events):
No events

Classes redefined (0 events):
No events

Internal exceptions (0 events):
No events

Events (10 events):
Event: 0.133 loading class java/lang/Short
Event: 0.133 loading class java/lang/Short done
Event: 0.133 loading class java/lang/Integer
Event: 0.133 loading class java/lang/Integer done
Event: 0.133 loading class java/lang/Long
Event: 0.133 loading class java/lang/Long done
Event: 0.134 loading class java/lang/NullPointerException
Event: 0.134 loading class java/lang/NullPointerException done
Event: 0.134 loading class java/lang/ArithmeticException
Event: 0.134 loading class java/lang/ArithmeticException done


Dynamic libraries:
0x00007ff700e80000 - 0x00007ff700eb7000 	C:\Program Files\Java\jdk1.8.0_202\bin\javaw.exe
0x00007ffe0aff0000 - 0x00007ffe0b1e8000 	C:\WINDOWS\SYSTEM32\ntdll.dll
0x00007ffe0a5a0000 - 0x00007ffe0a662000 	C:\WINDOWS\System32\KERNEL32.DLL
0x00007ffe08d10000 - 0x00007ffe09006000 	C:\WINDOWS\System32\KERNELBASE.dll
0x00007ffe09c40000 - 0x00007ffe09cf1000 	C:\WINDOWS\System32\ADVAPI32.dll
0x00007ffe097c0000 - 0x00007ffe0985e000 	C:\WINDOWS\System32\msvcrt.dll
0x00007ffe0a360000 - 0x00007ffe0a3ff000 	C:\WINDOWS\System32\sechost.dll
0x00007ffe095b0000 - 0x00007ffe096d3000 	C:\WINDOWS\System32\RPCRT4.dll
0x00007ffe08a60000 - 0x00007ffe08a87000 	C:\WINDOWS\System32\bcrypt.dll
0x00007ffe0a400000 - 0x00007ffe0a59d000 	C:\WINDOWS\System32\USER32.dll
0x00007ffe08910000 - 0x00007ffe08932000 	C:\WINDOWS\System32\win32u.dll
0x00007ffe09d00000 - 0x00007ffe09d2b000 	C:\WINDOWS\System32\GDI32.dll
0x00007ffe08a90000 - 0x00007ffe08ba9000 	C:\WINDOWS\System32\gdi32full.dll
0x00007ffe08940000 - 0x00007ffe089dd000 	C:\WINDOWS\System32\msvcp_win.dll
0x00007ffe08680000 - 0x00007ffe08780000 	C:\WINDOWS\System32\ucrtbase.dll
0x00007ffdf3c60000 - 0x00007ffdf3efa000 	C:\WINDOWS\WinSxS\amd64_microsoft.windows.common-controls_6595b64144ccf1df_6.0.19041.5915_none_60b4b9d171f9c7c7\COMCTL32.dll
0x00007ffe09da0000 - 0x00007ffe09dcf000 	C:\WINDOWS\System32\IMM32.DLL
0x00000000751c0000 - 0x0000000075292000 	C:\Program Files\Java\jdk1.8.0_202\jre\bin\msvcr100.dll
0x0000000074910000 - 0x00000000751b5000 	C:\Program Files\Java\jdk1.8.0_202\jre\bin\server\jvm.dll
0x00007ffe0a2a0000 - 0x00007ffe0a2a8000 	C:\WINDOWS\System32\PSAPI.DLL
0x00007ffe03800000 - 0x00007ffe03809000 	C:\WINDOWS\SYSTEM32\WSOCK32.dll
0x00007ffe09d30000 - 0x00007ffe09d9b000 	C:\WINDOWS\System32\WS2_32.dll
0x00007ffe020f0000 - 0x00007ffe02117000 	C:\WINDOWS\SYSTEM32\WINMM.dll
0x00007ffe02e20000 - 0x00007ffe02e2a000 	C:\WINDOWS\SYSTEM32\VERSION.dll
0x00007ffe01c60000 - 0x00007ffe01c6f000 	C:\Program Files\Java\jdk1.8.0_202\jre\bin\verify.dll
0x00007ffdeea50000 - 0x00007ffdeea79000 	C:\Program Files\Java\jdk1.8.0_202\jre\bin\java.dll
0x00007ffdfaba0000 - 0x00007ffdfabb6000 	C:\Program Files\Java\jdk1.8.0_202\jre\bin\zip.dll

VM Arguments:
jvm_args: -Dcom.sun.management.jmxremote -Dcom.sun.management.jmxremote.port=57962 -Dcom.sun.management.jmxremote.authenticate=false -Dcom.sun.management.jmxremote.ssl=false -Djava.rmi.server.hostname=localhost -Dspring.jmx.enabled=true -Dmanagement.endpoints.jmx.exposure.include=* -Dspring.application.admin.enabled=true -XX:TieredStopAtLevel=1 -Dspring.boot.project.name=medico-sg-app -Dfile.encoding=UTF-8 -Dstdout.encoding=UTF-8 -Dstderr.encoding=UTF-8 
java_command: com.excel.MedicoSgAppApplication --spring.output.ansi.enabled=always
java_class_path (initial): D:\angular_upgrade\stk-cfa-angular-new\stk-cfa-app\target\classes;C:\Users\LENOVO\.m2\repository\org\springframework\boot\spring-boot-starter-cache\2.1.3.RELEASE\spring-boot-starter-cache-2.1.3.RELEASE.jar;C:\Users\LENOVO\.m2\repository\org\springframework\spring-context-support\5.1.5.RELEASE\spring-context-support-5.1.5.RELEASE.jar;C:\Users\LENOVO\.m2\repository\org\apache\commons\commons-lang3\3.8.1\commons-lang3-3.8.1.jar;C:\Users\LENOVO\.m2\repository\org\apache\commons\commons-text\1.9\commons-text-1.9.jar;C:\Users\LENOVO\.m2\repository\org\springframework\boot\spring-boot-starter-data-jpa\2.1.3.RELEASE\spring-boot-starter-data-jpa-2.1.3.RELEASE.jar;C:\Users\LENOVO\.m2\repository\org\springframework\boot\spring-boot-starter-aop\2.1.3.RELEASE\spring-boot-starter-aop-2.1.3.RELEASE.jar;C:\Users\LENOVO\.m2\repository\org\aspectj\aspectjweaver\1.9.2\aspectjweaver-1.9.2.jar;C:\Users\LENOVO\.m2\repository\org\springframework\boot\spring-boot-starter-jdbc\2.1.3.RELEASE\spring-boot-starter-jdbc-2.1.3.RELEASE.jar;C:\Users\LENOVO\.m2\repository\com\zaxxer\HikariCP\3.2.0\HikariCP-3.2.0.jar;C:\Users\LENOVO\.m2\repository\javax\transaction\javax.transaction-api\1.3\javax.transaction-api-1.3.jar;C:\Users\LENOVO\.m2\repository\org\springframework\data\spring-data-jpa\2.1.5.RELEASE\spring-data-jpa-2.1.5.RELEASE.jar;C:\Users\LENOVO\.m2\repository\org\springframework\data\spring-data-commons\2.1.5.RELEASE\spring-data-commons-2.1.5.RELEASE.jar;C:\Users\LENOVO\.m2\repository\org\springframework\spring-aspects\5.1.5.RELEASE\spring-aspects-5.1.5.RELEASE.jar;C:\Users\LENOVO\.m2\repository\org\springframework\boot\spring-boot-starter-security\2.1.3.RELEASE\spring-boot-starter-security-2.1.3.RELEASE.jar;C:\Users\LENOVO\.m2\repository\org\springframework\spring-aop\5.1.5.RELEASE\spring-aop-5.1.5.RELEASE.jar;C:\Users\LENOVO\.m2\repository\org\springframework\security\spring-security-config\5.1.4.RELEASE\spring-security-config-5.1.4.RELEASE.jar;C:\Users\LENOVO\
Launcher Type: SUN_STANDARD

Environment Variables:
JAVA_HOME=C:\Program Files\Java\jdk1.8.0_202
PATH=D:/download/sts-4.20.0.RELEASE//plugins/org.eclipse.justj.openjdk.hotspot.jre.full.win32.x86_64_17.0.8.v20230831-1047/jre/bin/server;D:/download/sts-4.20.0.RELEASE//plugins/org.eclipse.justj.openjdk.hotspot.jre.full.win32.x86_64_17.0.8.v20230831-1047/jre/bin;C:\Program Files\Common Files\Oracle\Java\javapath;C:\Program Files (x86)\Common Files\Oracle\Java\javapath;C:\WINDOWS\system32;C:\WINDOWS;C:\WINDOWS\System32\Wbem;C:\WINDOWS\System32\WindowsPowerShell\v1.0\;C:\WINDOWS\System32\OpenSSH\;C:\Program Files (x86)\Microsoft SQL Server\160\DTS\Binn\;C:\Program Files\Azure Data Studio\bin;C:\Program Files\Git\cmd;C:\Users\LENOVO\AppData\Roaming\nvm;C:\Program Files\nodejs;C:\WINDOWS\system32\config\systemprofile\dev\flutter\bin;D:\Siddhesh Workspace\flutter\bin;C:\Program Files\MySQL\MySQL Shell 8.0\bin\;C:\Users\LENOVO\AppData\Local\Microsoft\WindowsApps;C:\Program Files\Java\jdk1.8.0_202\bin;C:\Program Files\Java\jdk1.8.0_202;C:\Users\LENOVO\AppData\Local\Programs\Microsoft VS Code\bin;C:\Program Files\Azure Data Studio\bin;C:\Users\LENOVO\AppData\Roaming\nvm;C:\Program Files\nodejs;D:\download\sts-4.20.0.RELEASE;
USERNAME=LENOVO
OS=Windows_NT
PROCESSOR_IDENTIFIER=Intel64 Family 6 Model 94 Stepping 3, GenuineIntel



---------------  S Y S T E M  ---------------

OS: Windows 10.0 , 64 bit Build 19041 (10.0.19041.5915)

CPU:total 4 (initial active 4) (4 cores per cpu, 1 threads per core) family 6 model 94 stepping 3, cmov, cx8, fxsr, mmx, sse, sse2, sse3, ssse3, sse4.1, sse4.2, popcnt, avx, avx2, aes, clmul, erms, rtm, 3dnowpref, lzcnt, tsc, tscinvbit, bmi1, bmi2, adx

Memory: 4k page, physical 8279568k(422624k free), swap 18309276k(5380k free)

vm_info: Java HotSpot(TM) 64-Bit Server VM (25.202-b08) for windows-amd64 JRE (1.8.0_202-b08), built on Dec 15 2018 19:54:30 by "java_re" with MS VC++ 10.0 (VS2010)

time: Tue Jun 17 18:55:01 2025
timezone: India Standard Time
elapsed time: 0 seconds (0d 0h 0m 0s)

